<?xml version="1.0" encoding="UTF-8"?>
<!-- Generated by org.testng.reporters.JUnitXMLReporter -->
<testsuite ignored="0" hostname="SEBASTIAN" failures="0" tests="3" name="Parabank" time="6.634" errors="0" timestamp="2024-11-10T00:57:44 PET">
  <testcase classname="com.parabank.qa.base.testcases.Login.LoginPageTest" name="loginPageTitleTest" time="0.011"/>
  <testcase classname="com.parabank.qa.base.testcases.Login.LoginPageTest" name="parabankLogoImageTest" time="0.034"/>
  <testcase classname="com.parabank.qa.base.testcases.Login.LoginPageTest" name="loginTest" time="0.44"/>
</testsuite> <!-- Parabank -->
