<?xml version="1.0" encoding="UTF-8"?>
<testng-results ignored="0" total="3" passed="3" failed="0" skipped="0">
  <reporter-output>
  </reporter-output>
  <suite started-at="2024-11-10T00:57:37 PET" name="Default Suite" finished-at="2024-11-10T00:57:44 PET" duration-ms="6634">
    <groups>
    </groups>
    <test started-at="2024-11-10T00:57:37 PET" name="Parabank" finished-at="2024-11-10T00:57:44 PET" duration-ms="6634">
      <class name="com.parabank.qa.base.testcases.LoginPageTest">
        <test-method is-config="true" signature="setUp()[pri:0, instance:com.parabank.qa.base.testcases.LoginPageTest@769e7ee8]" started-at="2024-11-10T00:57:37 PET" name="setUp" finished-at="2024-11-10T00:57:40 PET" duration-ms="2642" status="PASS">
          <reporter-output>
          </reporter-output>
        </test-method> <!-- setUp -->
        <test-method signature="loginPageTitleTest()[pri:1, instance:com.parabank.qa.base.testcases.LoginPageTest@769e7ee8]" started-at="2024-11-10T00:57:40 PET" name="loginPageTitleTest" finished-at="2024-11-10T00:57:40 PET" duration-ms="11" status="PASS">
          <reporter-output>
          </reporter-output>
        </test-method> <!-- loginPageTitleTest -->
        <test-method is-config="true" signature="tearDown()[pri:0, instance:com.parabank.qa.base.testcases.LoginPageTest@769e7ee8]" started-at="2024-11-10T00:57:40 PET" name="tearDown" finished-at="2024-11-10T00:57:40 PET" duration-ms="131" status="PASS">
          <reporter-output>
          </reporter-output>
        </test-method> <!-- tearDown -->
        <test-method is-config="true" signature="setUp()[pri:0, instance:com.parabank.qa.base.testcases.LoginPageTest@769e7ee8]" started-at="2024-11-10T00:57:40 PET" name="setUp" finished-at="2024-11-10T00:57:41 PET" duration-ms="1541" status="PASS">
          <reporter-output>
          </reporter-output>
        </test-method> <!-- setUp -->
        <test-method signature="parabankLogoImageTest()[pri:2, instance:com.parabank.qa.base.testcases.LoginPageTest@769e7ee8]" started-at="2024-11-10T00:57:41 PET" name="parabankLogoImageTest" finished-at="2024-11-10T00:57:41 PET" duration-ms="34" status="PASS">
          <reporter-output>
          </reporter-output>
        </test-method> <!-- parabankLogoImageTest -->
        <test-method is-config="true" signature="tearDown()[pri:0, instance:com.parabank.qa.base.testcases.LoginPageTest@769e7ee8]" started-at="2024-11-10T00:57:41 PET" name="tearDown" finished-at="2024-11-10T00:57:42 PET" duration-ms="112" status="PASS">
          <reporter-output>
          </reporter-output>
        </test-method> <!-- tearDown -->
        <test-method is-config="true" signature="setUp()[pri:0, instance:com.parabank.qa.base.testcases.LoginPageTest@769e7ee8]" started-at="2024-11-10T00:57:42 PET" name="setUp" finished-at="2024-11-10T00:57:43 PET" duration-ms="1569" status="PASS">
          <reporter-output>
          </reporter-output>
        </test-method> <!-- setUp -->
        <test-method signature="loginTest()[pri:3, instance:com.parabank.qa.base.testcases.LoginPageTest@769e7ee8]" started-at="2024-11-10T00:57:43 PET" name="loginTest" finished-at="2024-11-10T00:57:44 PET" duration-ms="440" status="PASS">
          <reporter-output>
          </reporter-output>
        </test-method> <!-- loginTest -->
        <test-method is-config="true" signature="tearDown()[pri:0, instance:com.parabank.qa.base.testcases.LoginPageTest@769e7ee8]" started-at="2024-11-10T00:57:44 PET" name="tearDown" finished-at="2024-11-10T00:57:44 PET" duration-ms="112" status="PASS">
          <reporter-output>
          </reporter-output>
        </test-method> <!-- tearDown -->
      </class> <!-- com.parabank.qa.base.testcases.LoginPageTest -->
    </test> <!-- Parabank -->
  </suite> <!-- Default Suite -->
</testng-results>
